Traceback (most recent call last):
  File "/home/codespace/.local/lib/python3.12/site-packages/jupyter_core/utils/__init__.py", line 154, in wrapped
    asyncio.get_running_loop()
RuntimeError: no running event loop

During handling of the above exception, another exception occurred:

Traceback (most recent call last):
  File "/usr/local/python/3.12.1/lib/python3.12/site-packages/jupyter_cache/executors/utils.py", line 58, in single_nb_execution
    executenb(
  File "/home/codespace/.local/lib/python3.12/site-packages/nbclient/client.py", line 1319, in execute
    return NotebookClient(nb=nb, resources=resources, km=km, **kwargs).execute()
           ^^^^^^^^^^^^^^^^^^^^^^^^^^^^^^^^^^^^^^^^^^^^^^^^^^^^^^^^^^^^^^^^^^^^^
  File "/home/codespace/.local/lib/python3.12/site-packages/jupyter_core/utils/__init__.py", line 158, in wrapped
    return loop.run_until_complete(inner)
           ^^^^^^^^^^^^^^^^^^^^^^^^^^^^^^
  File "/usr/local/python/3.12.1/lib/python3.12/asyncio/base_events.py", line 684, in run_until_complete
    return future.result()
           ^^^^^^^^^^^^^^^
  File "/home/codespace/.local/lib/python3.12/site-packages/nbclient/client.py", line 709, in async_execute
    await self.async_execute_cell(
  File "/home/codespace/.local/lib/python3.12/site-packages/nbclient/client.py", line 1062, in async_execute_cell
    await self._check_raise_for_error(cell, cell_index, exec_reply)
  File "/home/codespace/.local/lib/python3.12/site-packages/nbclient/client.py", line 918, in _check_raise_for_error
    raise CellExecutionError.from_cell_and_msg(cell, exec_reply_content)
nbclient.exceptions.CellExecutionError: An error occurred while executing the following cell:
------------------
# Insert departments
departments_data = [
    (1, 'Human Resources', 'New York'),
    (2, 'Engineering', 'San Francisco'),
    (3, 'Marketing', 'Chicago'),
    (4, 'Sales', 'Los Angeles'),
    (5, 'Finance', 'Boston')
]

cursor.executemany('INSERT OR REPLACE INTO departments VALUES (?, ?, ?)', departments_data)

# Insert employees
employees_data = [
    (1, 'John', 'Doe', 'john.doe@company.com', '2020-01-15', 75000, 2),
    (2, 'Jane', 'Smith', 'jane.smith@company.com', '2019-03-22', 82000, 2),
    (3, 'Mike', 'Johnson', 'mike.johnson@company.com', '2021-06-10', 65000, 3),
    (4, 'Sarah', 'Williams', 'sarah.williams@company.com', '2020-09-05', 90000, 1),
    (5, 'David', 'Brown', 'david.brown@company.com', '2018-11-12', 95000, 4),
    (6, 'Emily', 'Davis', 'emily.davis@company.com', '2022-02-28', 70000, 5),
    (7, 'Robert', 'Wilson', 'robert.wilson@company.com', '2019-08-17', 88000, 2),
    (8, 'Lisa', 'Anderson', 'lisa.anderson@company.com', '2021-04-03', 72000, 3)
]

cursor.executemany('INSERT OR REPLACE INTO employees VALUES (?, ?, ?, ?, ?, ?, ?)', employees_data)

# Insert projects
projects_data = [
    (1, 'Website Redesign', '2023-01-01', '2023-06-30', 150000, 2),
    (2, 'Mobile App Development', '2023-03-15', '2023-12-31', 300000, 2),
    (3, 'Marketing Campaign Q2', '2023-04-01', '2023-06-30', 75000, 3),
    (4, 'Sales Training Program', '2023-02-01', '2023-05-31', 50000, 4),
    (5, 'Financial System Upgrade', '2023-01-15', '2023-08-31', 200000, 5)
]

cursor.executemany('INSERT OR REPLACE INTO projects VALUES (?, ?, ?, ?, ?, ?)', projects_data)

conn.commit()
print("Sample data inserted successfully!")
------------------


[31m---------------------------------------------------------------------------[39m
[31mOperationalError[39m                          Traceback (most recent call last)
[36mCell[39m[36m [39m[32mIn[3][39m[32m, line 10[39m
[32m      1[39m [38;5;66;03m# Insert departments[39;00m
[32m      2[39m departments_data = [
[32m      3[39m     ([32m1[39m, [33m'[39m[33mHuman Resources[39m[33m'[39m, [33m'[39m[33mNew York[39m[33m'[39m),
[32m      4[39m     ([32m2[39m, [33m'[39m[33mEngineering[39m[33m'[39m, [33m'[39m[33mSan Francisco[39m[33m'[39m),
[32m   (...)[39m[32m      7[39m     ([32m5[39m, [33m'[39m[33mFinance[39m[33m'[39m, [33m'[39m[33mBoston[39m[33m'[39m)
[32m      8[39m ]
[32m---> [39m[32m10[39m [43mcursor[49m[43m.[49m[43mexecutemany[49m[43m([49m[33;43m'[39;49m[33;43mINSERT OR REPLACE INTO departments VALUES (?, ?, ?)[39;49m[33;43m'[39;49m[43m,[49m[43m [49m[43mdepartments_data[49m[43m)[49m
[32m     12[39m [38;5;66;03m# Insert employees[39;00m
[32m     13[39m employees_data = [
[32m     14[39m     ([32m1[39m, [33m'[39m[33mJohn[39m[33m'[39m, [33m'[39m[33mDoe[39m[33m'[39m, [33m'[39m[33mjohn.doe@company.com[39m[33m'[39m, [33m'[39m[33m2020-01-15[39m[33m'[39m, [32m75000[39m, [32m2[39m),
[32m     15[39m     ([32m2[39m, [33m'[39m[33mJane[39m[33m'[39m, [33m'[39m[33mSmith[39m[33m'[39m, [33m'[39m[33mjane.smith@company.com[39m[33m'[39m, [33m'[39m[33m2019-03-22[39m[33m'[39m, [32m82000[39m, [32m2[39m),
[32m   (...)[39m[32m     21[39m     ([32m8[39m, [33m'[39m[33mLisa[39m[33m'[39m, [33m'[39m[33mAnderson[39m[33m'[39m, [33m'[39m[33mlisa.anderson@company.com[39m[33m'[39m, [33m'[39m[33m2021-04-03[39m[33m'[39m, [32m72000[39m, [32m3[39m)
[32m     22[39m ]

[31mOperationalError[39m: table departments has 6 columns but 3 values were supplied

